Copyright 1986-2022 Xilinx, Inc. All Rights Reserved. Copyright 2022-2024 Advanced Micro Devices, Inc. All Rights Reserved.
------------------------------------------------------------------------------------------------------------------------------------------------------------------------------------------------------------------------
| Tool Version : Vivado v.2024.2.1 (lin64) Build 5266912 Sun Dec 15 09:03:31 MST 2024
| Date         : Tue Jan  7 10:22:04 2025
| Host         : localhost.localdomain running 64-bit unknown
| Command      : report_timing_summary -max_paths 10 -report_unconstrained -file flip_flop_timing_summary_routed.rpt -pb flip_flop_timing_summary_routed.pb -rpx flip_flop_timing_summary_routed.rpx -warn_on_violation
| Design       : flip_flop
| Device       : 7a35t-cpg236
| Speed File   : -1  PRODUCTION 1.23 2018-06-13
| Design State : Routed
------------------------------------------------------------------------------------------------------------------------------------------------------------------------------------------------------------------------

Timing Summary Report

------------------------------------------------------------------------------------------------
| Timer Settings
| --------------
------------------------------------------------------------------------------------------------

  Enable Multi Corner Analysis               :  Yes
  Enable Pessimism Removal                   :  Yes
  Pessimism Removal Resolution               :  Nearest Common Node
  Enable Input Delay Default Clock           :  No
  Enable Preset / Clear Arcs                 :  No
  Disable Flight Delays                      :  No
  Ignore I/O Paths                           :  No
  Timing Early Launch at Borrowing Latches   :  No
  Borrow Time for Max Delay Exceptions       :  Yes
  Merge Timing Exceptions                    :  Yes
  Inter-SLR Compensation                     :  Conservative

  Corner  Analyze    Analyze    
  Name    Max Paths  Min Paths  
  ------  ---------  ---------  
  Slow    Yes        Yes        
  Fast    Yes        Yes        


------------------------------------------------------------------------------------------------
| Report Methodology
| ------------------
------------------------------------------------------------------------------------------------

Rule       Severity          Description                  Violations  
---------  ----------------  ---------------------------  ----------  
TIMING-17  Critical Warning  Non-clocked sequential cell  2           

Note: This report is based on the most recent report_methodology run and may not be up-to-date. Run report_methodology on the current design for the latest report.



check_timing report

Table of Contents
-----------------
1. checking no_clock (2)
2. checking constant_clock (0)
3. checking pulse_width_clock (0)
4. checking unconstrained_internal_endpoints (4)
5. checking no_input_delay (6)
6. checking no_output_delay (2)
7. checking multiple_clock (0)
8. checking generated_clocks (0)
9. checking loops (0)
10. checking partial_input_delay (0)
11. checking partial_output_delay (0)
12. checking latch_loops (0)

1. checking no_clock (2)
------------------------
 There are 2 register/latch pins with no clock driven by root clock pin: buttons[0] (HIGH)


2. checking constant_clock (0)
------------------------------
 There are 0 register/latch pins with constant_clock.


3. checking pulse_width_clock (0)
---------------------------------
 There are 0 register/latch pins which need pulse_width check


4. checking unconstrained_internal_endpoints (4)
------------------------------------------------
 There are 4 pins that are not constrained for maximum delay. (HIGH)

 There are 0 pins that are not constrained for maximum delay due to constant clock.


5. checking no_input_delay (6)
------------------------------
 There are 6 input ports with no input delay specified. (HIGH)

 There are 0 input ports with no input delay but user has a false path constraint.


6. checking no_output_delay (2)
-------------------------------
 There are 2 ports with no output delay specified. (HIGH)

 There are 0 ports with no output delay but user has a false path constraint

 There are 0 ports with no output delay but with a timing clock defined on it or propagating through it


7. checking multiple_clock (0)
------------------------------
 There are 0 register/latch pins with multiple clocks.


8. checking generated_clocks (0)
--------------------------------
 There are 0 generated clocks that are not connected to a clock source.


9. checking loops (0)
---------------------
 There are 0 combinational loops in the design.


10. checking partial_input_delay (0)
------------------------------------
 There are 0 input ports with partial input delay specified.


11. checking partial_output_delay (0)
-------------------------------------
 There are 0 ports with partial output delay specified.


12. checking latch_loops (0)
----------------------------
 There are 0 combinational latch loops in the design through latch input



------------------------------------------------------------------------------------------------
| Design Timing Summary
| ---------------------
------------------------------------------------------------------------------------------------

    WNS(ns)      TNS(ns)  TNS Failing Endpoints  TNS Total Endpoints      WHS(ns)      THS(ns)  THS Failing Endpoints  THS Total Endpoints     WPWS(ns)     TPWS(ns)  TPWS Failing Endpoints  TPWS Total Endpoints  
    -------      -------  ---------------------  -------------------      -------      -------  ---------------------  -------------------     --------     --------  ----------------------  --------------------  
        inf        0.000                      0                    6          inf        0.000                      0                    6           NA           NA                      NA                    NA  


There are no user specified timing constraints.


------------------------------------------------------------------------------------------------
| Clock Summary
| -------------
------------------------------------------------------------------------------------------------


------------------------------------------------------------------------------------------------
| Intra Clock Table
| -----------------
------------------------------------------------------------------------------------------------

Clock             WNS(ns)      TNS(ns)  TNS Failing Endpoints  TNS Total Endpoints      WHS(ns)      THS(ns)  THS Failing Endpoints  THS Total Endpoints     WPWS(ns)     TPWS(ns)  TPWS Failing Endpoints  TPWS Total Endpoints  
-----             -------      -------  ---------------------  -------------------      -------      -------  ---------------------  -------------------     --------     --------  ----------------------  --------------------  


------------------------------------------------------------------------------------------------
| Inter Clock Table
| -----------------
------------------------------------------------------------------------------------------------

From Clock    To Clock          WNS(ns)      TNS(ns)  TNS Failing Endpoints  TNS Total Endpoints      WHS(ns)      THS(ns)  THS Failing Endpoints  THS Total Endpoints  
----------    --------          -------      -------  ---------------------  -------------------      -------      -------  ---------------------  -------------------  


------------------------------------------------------------------------------------------------
| Other Path Groups Table
| -----------------------
------------------------------------------------------------------------------------------------

Path Group    From Clock    To Clock          WNS(ns)      TNS(ns)  TNS Failing Endpoints  TNS Total Endpoints      WHS(ns)      THS(ns)  THS Failing Endpoints  THS Total Endpoints  
----------    ----------    --------          -------      -------  ---------------------  -------------------      -------      -------  ---------------------  -------------------  


------------------------------------------------------------------------------------------------
| User Ignored Path Table
| -----------------------
------------------------------------------------------------------------------------------------

Path Group    From Clock    To Clock    
----------    ----------    --------    


------------------------------------------------------------------------------------------------
| Unconstrained Path Table
| ------------------------
------------------------------------------------------------------------------------------------

Path Group    From Clock    To Clock    
----------    ----------    --------    
(none)                                    


------------------------------------------------------------------------------------------------
| Timing Details
| --------------
------------------------------------------------------------------------------------------------


--------------------------------------------------------------------------------------
Path Group:  (none)
From Clock:  
  To Clock:  

Max Delay             6 Endpoints
Min Delay             6 Endpoints
--------------------------------------------------------------------------------------


Max Delay Paths
--------------------------------------------------------------------------------------
Slack:                    inf
  Source:                 q_r2_reg/C
                            (rising edge-triggered cell FDRE)
  Destination:            leds[1]
                            (output port)
  Path Group:             (none)
  Path Type:              Max at Slow Process Corner
  Data Path Delay:        6.270ns  (logic 3.986ns (63.568%)  route 2.284ns (36.432%))
  Logic Levels:           2  (FDRE=1 OBUF=1)

    Location             Delay type                Incr(ns)  Path(ns)    Netlist Resource(s)
  -------------------------------------------------------------------    -------------------
    SLICE_X0Y15          FDRE                         0.000     0.000 r  q_r2_reg/C
    SLICE_X0Y15          FDRE (Prop_fdre_C_Q)         0.456     0.456 r  q_r2_reg/Q
                         net (fo=1, routed)           2.284     2.740    leds_OBUF[1]
    E19                  OBUF (Prop_obuf_I_O)         3.530     6.270 r  leds_OBUF[1]_inst/O
                         net (fo=0)                   0.000     6.270    leds[1]
    E19                                                               r  leds[1] (OUT)
  -------------------------------------------------------------------    -------------------

Slack:                    inf
  Source:                 q_r1_reg/C
                            (rising edge-triggered cell FDRE)
  Destination:            leds[0]
                            (output port)
  Path Group:             (none)
  Path Type:              Max at Slow Process Corner
  Data Path Delay:        5.895ns  (logic 3.961ns (67.191%)  route 1.934ns (32.809%))
  Logic Levels:           2  (FDRE=1 OBUF=1)

    Location             Delay type                Incr(ns)  Path(ns)    Netlist Resource(s)
  -------------------------------------------------------------------    -------------------
    SLICE_X0Y12          FDRE                         0.000     0.000 r  q_r1_reg/C
    SLICE_X0Y12          FDRE (Prop_fdre_C_Q)         0.456     0.456 r  q_r1_reg/Q
                         net (fo=1, routed)           1.934     2.390    leds_OBUF[0]
    U16                  OBUF (Prop_obuf_I_O)         3.505     5.895 r  leds_OBUF[0]_inst/O
                         net (fo=0)                   0.000     5.895    leds[0]
    U16                                                               r  leds[0] (OUT)
  -------------------------------------------------------------------    -------------------

Slack:                    inf
  Source:                 switches[0]
                            (input port)
  Destination:            q_r1_reg/D
  Path Group:             (none)
  Path Type:              Max at Slow Process Corner
  Data Path Delay:        2.789ns  (logic 1.577ns (56.539%)  route 1.212ns (43.461%))
  Logic Levels:           2  (IBUF=1 LUT2=1)

    Location             Delay type                Incr(ns)  Path(ns)    Netlist Resource(s)
  -------------------------------------------------------------------    -------------------
    V17                                               0.000     0.000 r  switches[0] (IN)
                         net (fo=0)                   0.000     0.000    switches[0]
    V17                  IBUF (Prop_ibuf_I_O)         1.453     1.453 r  switches_IBUF[0]_inst/O
                         net (fo=1, routed)           1.212     2.665    switches_IBUF[0]
    SLICE_X0Y12          LUT2 (Prop_lut2_I0_O)        0.124     2.789 r  q_r1_i_1/O
                         net (fo=1, routed)           0.000     2.789    q_r1_i_1_n_0
    SLICE_X0Y12          FDRE                                         r  q_r1_reg/D
  -------------------------------------------------------------------    -------------------

Slack:                    inf
  Source:                 buttons[4]
                            (input port)
  Destination:            q_r2_reg/D
  Path Group:             (none)
  Path Type:              Max at Slow Process Corner
  Data Path Delay:        2.789ns  (logic 1.576ns (56.533%)  route 1.212ns (43.467%))
  Logic Levels:           2  (IBUF=1 LUT2=1)

    Location             Delay type                Incr(ns)  Path(ns)    Netlist Resource(s)
  -------------------------------------------------------------------    -------------------
    U17                                               0.000     0.000 r  buttons[4] (IN)
                         net (fo=0)                   0.000     0.000    buttons[4]
    U17                  IBUF (Prop_ibuf_I_O)         1.452     1.452 r  buttons_IBUF[4]_inst/O
                         net (fo=1, routed)           1.212     2.665    buttons_IBUF[4]
    SLICE_X0Y15          LUT2 (Prop_lut2_I1_O)        0.124     2.789 r  q_r2_i_1/O
                         net (fo=1, routed)           0.000     2.789    q_r2_i_1_n_0
    SLICE_X0Y15          FDRE                                         r  q_r2_reg/D
  -------------------------------------------------------------------    -------------------

Slack:                    inf
  Source:                 buttons[1]
                            (input port)
  Destination:            q_r1_reg/R
  Path Group:             (none)
  Path Type:              Max at Slow Process Corner
  Data Path Delay:        2.639ns  (logic 1.454ns (55.092%)  route 1.185ns (44.908%))
  Logic Levels:           1  (IBUF=1)

    Location             Delay type                Incr(ns)  Path(ns)    Netlist Resource(s)
  -------------------------------------------------------------------    -------------------
    T18                                               0.000     0.000 r  buttons[1] (IN)
                         net (fo=0)                   0.000     0.000    buttons[1]
    T18                  IBUF (Prop_ibuf_I_O)         1.454     1.454 r  buttons_IBUF[1]_inst/O
                         net (fo=1, routed)           1.185     2.639    buttons_IBUF[1]
    SLICE_X0Y12          FDRE                                         r  q_r1_reg/R
  -------------------------------------------------------------------    -------------------

Slack:                    inf
  Source:                 buttons[3]
                            (input port)
  Destination:            q_r2_reg/R
  Path Group:             (none)
  Path Type:              Max at Slow Process Corner
  Data Path Delay:        2.492ns  (logic 1.451ns (58.230%)  route 1.041ns (41.770%))
  Logic Levels:           1  (IBUF=1)

    Location             Delay type                Incr(ns)  Path(ns)    Netlist Resource(s)
  -------------------------------------------------------------------    -------------------
    T17                                               0.000     0.000 r  buttons[3] (IN)
                         net (fo=0)                   0.000     0.000    buttons[3]
    T17                  IBUF (Prop_ibuf_I_O)         1.451     1.451 r  buttons_IBUF[3]_inst/O
                         net (fo=1, routed)           1.041     2.492    buttons_IBUF[3]
    SLICE_X0Y15          FDRE                                         r  q_r2_reg/R
  -------------------------------------------------------------------    -------------------





Min Delay Paths
--------------------------------------------------------------------------------------
Slack:                    inf
  Source:                 buttons[3]
                            (input port)
  Destination:            q_r2_reg/R
  Path Group:             (none)
  Path Type:              Min at Fast Process Corner
  Data Path Delay:        0.623ns  (logic 0.219ns (35.184%)  route 0.404ns (64.816%))
  Logic Levels:           1  (IBUF=1)

    Location             Delay type                Incr(ns)  Path(ns)    Netlist Resource(s)
  -------------------------------------------------------------------    -------------------
    T17                                               0.000     0.000 r  buttons[3] (IN)
                         net (fo=0)                   0.000     0.000    buttons[3]
    T17                  IBUF (Prop_ibuf_I_O)         0.219     0.219 r  buttons_IBUF[3]_inst/O
                         net (fo=1, routed)           0.404     0.623    buttons_IBUF[3]
    SLICE_X0Y15          FDRE                                         r  q_r2_reg/R
  -------------------------------------------------------------------    -------------------

Slack:                    inf
  Source:                 buttons[2]
                            (input port)
  Destination:            q_r1_reg/D
  Path Group:             (none)
  Path Type:              Min at Fast Process Corner
  Data Path Delay:        0.675ns  (logic 0.264ns (39.162%)  route 0.411ns (60.838%))
  Logic Levels:           2  (IBUF=1 LUT2=1)

    Location             Delay type                Incr(ns)  Path(ns)    Netlist Resource(s)
  -------------------------------------------------------------------    -------------------
    W19                                               0.000     0.000 r  buttons[2] (IN)
                         net (fo=0)                   0.000     0.000    buttons[2]
    W19                  IBUF (Prop_ibuf_I_O)         0.219     0.219 r  buttons_IBUF[2]_inst/O
                         net (fo=1, routed)           0.411     0.630    buttons_IBUF[2]
    SLICE_X0Y12          LUT2 (Prop_lut2_I1_O)        0.045     0.675 r  q_r1_i_1/O
                         net (fo=1, routed)           0.000     0.675    q_r1_i_1_n_0
    SLICE_X0Y12          FDRE                                         r  q_r1_reg/D
  -------------------------------------------------------------------    -------------------

Slack:                    inf
  Source:                 switches[1]
                            (input port)
  Destination:            q_r2_reg/D
  Path Group:             (none)
  Path Type:              Min at Fast Process Corner
  Data Path Delay:        0.684ns  (logic 0.274ns (40.107%)  route 0.410ns (59.893%))
  Logic Levels:           2  (IBUF=1 LUT2=1)

    Location             Delay type                Incr(ns)  Path(ns)    Netlist Resource(s)
  -------------------------------------------------------------------    -------------------
    V16                                               0.000     0.000 r  switches[1] (IN)
                         net (fo=0)                   0.000     0.000    switches[1]
    V16                  IBUF (Prop_ibuf_I_O)         0.229     0.229 r  switches_IBUF[1]_inst/O
                         net (fo=1, routed)           0.410     0.639    switches_IBUF[1]
    SLICE_X0Y15          LUT2 (Prop_lut2_I0_O)        0.045     0.684 r  q_r2_i_1/O
                         net (fo=1, routed)           0.000     0.684    q_r2_i_1_n_0
    SLICE_X0Y15          FDRE                                         r  q_r2_reg/D
  -------------------------------------------------------------------    -------------------

Slack:                    inf
  Source:                 buttons[1]
                            (input port)
  Destination:            q_r1_reg/R
  Path Group:             (none)
  Path Type:              Min at Fast Process Corner
  Data Path Delay:        0.686ns  (logic 0.222ns (32.346%)  route 0.464ns (67.654%))
  Logic Levels:           1  (IBUF=1)

    Location             Delay type                Incr(ns)  Path(ns)    Netlist Resource(s)
  -------------------------------------------------------------------    -------------------
    T18                                               0.000     0.000 r  buttons[1] (IN)
                         net (fo=0)                   0.000     0.000    buttons[1]
    T18                  IBUF (Prop_ibuf_I_O)         0.222     0.222 r  buttons_IBUF[1]_inst/O
                         net (fo=1, routed)           0.464     0.686    buttons_IBUF[1]
    SLICE_X0Y12          FDRE                                         r  q_r1_reg/R
  -------------------------------------------------------------------    -------------------

Slack:                    inf
  Source:                 q_r1_reg/C
                            (rising edge-triggered cell FDRE)
  Destination:            leds[0]
                            (output port)
  Path Group:             (none)
  Path Type:              Min at Fast Process Corner
  Data Path Delay:        1.789ns  (logic 1.347ns (75.290%)  route 0.442ns (24.710%))
  Logic Levels:           2  (FDRE=1 OBUF=1)

    Location             Delay type                Incr(ns)  Path(ns)    Netlist Resource(s)
  -------------------------------------------------------------------    -------------------
    SLICE_X0Y12          FDRE                         0.000     0.000 r  q_r1_reg/C
    SLICE_X0Y12          FDRE (Prop_fdre_C_Q)         0.141     0.141 r  q_r1_reg/Q
                         net (fo=1, routed)           0.442     0.583    leds_OBUF[0]
    U16                  OBUF (Prop_obuf_I_O)         1.206     1.789 r  leds_OBUF[0]_inst/O
                         net (fo=0)                   0.000     1.789    leds[0]
    U16                                                               r  leds[0] (OUT)
  -------------------------------------------------------------------    -------------------

Slack:                    inf
  Source:                 q_r2_reg/C
                            (rising edge-triggered cell FDRE)
  Destination:            leds[1]
                            (output port)
  Path Group:             (none)
  Path Type:              Min at Fast Process Corner
  Data Path Delay:        1.950ns  (logic 1.372ns (70.343%)  route 0.578ns (29.657%))
  Logic Levels:           2  (FDRE=1 OBUF=1)

    Location             Delay type                Incr(ns)  Path(ns)    Netlist Resource(s)
  -------------------------------------------------------------------    -------------------
    SLICE_X0Y15          FDRE                         0.000     0.000 r  q_r2_reg/C
    SLICE_X0Y15          FDRE (Prop_fdre_C_Q)         0.141     0.141 r  q_r2_reg/Q
                         net (fo=1, routed)           0.578     0.719    leds_OBUF[1]
    E19                  OBUF (Prop_obuf_I_O)         1.231     1.950 r  leds_OBUF[1]_inst/O
                         net (fo=0)                   0.000     1.950    leds[1]
    E19                                                               r  leds[1] (OUT)
  -------------------------------------------------------------------    -------------------





